{"level":"info","message":"message:  user: default-user","timestamp":"2017-04-01T15:03:57.079Z"}
{"level":"info","message":"message:  user: default-user","timestamp":"2017-04-01T15:03:57.110Z"}
{"level":"info","message":"message: Hi user: default-user","timestamp":"2017-04-01T15:04:14.665Z"}
{"level":"info","message":"message: Hey! I'm HelpOt. What's your name? user: default-user","timestamp":"2017-04-01T15:04:14.749Z"}
{"level":"info","message":"message:  user: default-user","timestamp":"2017-04-01T15:05:18.410Z"}
{"level":"info","message":"message:  user: default-user","timestamp":"2017-04-01T15:05:18.438Z"}
{"level":"info","message":"message: Hi user: default-user","timestamp":"2017-04-01T15:05:21.334Z"}
{"level":"info","message":"message: Hey! I'm HelpOt. What's your name? user: default-user","timestamp":"2017-04-01T15:05:21.438Z"}
{"level":"info","message":"message: Akshat user: default-user","timestamp":"2017-04-01T15:05:27.937Z"}
{"level":"info","message":"message: Hello Akshat! I'm HelpOt, Welcome to HelpingO! How can I help you today? user: default-user","timestamp":"2017-04-01T15:05:28.237Z"}
{"level":"info","message":"message: How to delete profiles from favourite list? user: default-user","timestamp":"2017-04-01T15:06:06.137Z"}
{"level":"info","message":"message: Oops. Something went wrong and we need to start over. user: default-user","timestamp":"2017-04-01T15:06:06.177Z"}
{"level":"info","message":"message:  user: default-user","timestamp":"2017-04-01T15:07:02.437Z"}
{"level":"info","message":"message:  user: default-user","timestamp":"2017-04-01T15:07:02.452Z"}
{"level":"info","message":"message: Hey user: default-user","timestamp":"2017-04-01T15:07:05.516Z"}
{"level":"info","message":"message: Hello Akshat! Welcome back to HelpingO. How can I help you today? user: default-user","timestamp":"2017-04-01T15:07:05.861Z"}
{"level":"info","message":"message: How can I delete profile from favourite list? user: default-user","timestamp":"2017-04-01T15:07:23.309Z"}
{"level":"info","message":"message: undefined user: default-user","timestamp":"2017-04-01T15:07:26.240Z"}
{"level":"info","message":"message:  user: default-user","timestamp":"2017-04-01T15:08:26.326Z"}
{"level":"info","message":"message:  user: default-user","timestamp":"2017-04-01T15:08:26.337Z"}
{"level":"info","message":"message: Hi user: default-user","timestamp":"2017-04-01T15:08:28.476Z"}
{"level":"info","message":"message: Hello Akshat! Welcome back to HelpingO. How can I help you today? user: default-user","timestamp":"2017-04-01T15:08:28.827Z"}
{"level":"info","message":"message: How can i delete profile from favourite list? user: default-user","timestamp":"2017-04-01T15:08:46.377Z"}
{"level":"info","message":"message: undefined user: default-user","timestamp":"2017-04-01T15:08:47.860Z"}
{"level":"info","message":"message: No, that didn't work user: default-user","timestamp":"2017-04-01T15:09:03.986Z"}
{"level":"info","message":"message: Sorry, for the inconvinience caused. I'll be sending an email to my team with your query and will get back to you ASAP user: default-user","timestamp":"2017-04-01T15:09:04.947Z"}
{"level":"info","message":"message: What is your Email-ID user: default-user","timestamp":"2017-04-01T15:09:04.947Z"}
{"level":"info","message":"message: akshatg1274@hotmail.com user: default-user","timestamp":"2017-04-01T15:09:21.837Z"}
{"level":"info","message":"message: undefined user: default-user","timestamp":"2017-04-01T15:09:21.885Z"}
{"level":"info","message":"message: I have sent an email to the team user: default-user","timestamp":"2017-04-01T15:09:27.300Z"}
{"level":"info","message":"message: ok user: default-user","timestamp":"2017-04-01T15:09:51.788Z"}
{"level":"info","message":"message:  I'm still here if you need anythying. Just say Hi! to wake me up again user: default-user","timestamp":"2017-04-01T15:09:53.084Z"}
{"level":"info","message":"message: ok user: default-user","timestamp":"2017-04-01T15:09:58.087Z"}
{"level":"info","message":"message: Hello Akshat! Welcome back to HelpingO. How can I help you today? user: default-user","timestamp":"2017-04-01T15:09:58.370Z"}
{"level":"info","message":"message:  user: default-user","timestamp":"2017-04-01T15:16:31.454Z"}
{"level":"info","message":"message:  user: default-user","timestamp":"2017-04-01T15:16:31.505Z"}
{"level":"info","message":"message:  user: default-user","timestamp":"2017-04-01T15:16:31.546Z"}
{"level":"info","message":"message:  user: default-user","timestamp":"2017-04-01T15:16:31.553Z"}
{"level":"info","message":"message: Hello Akshat! Welcome back to HelpingO. How can I help you today? user: default-user","timestamp":"2017-04-01T15:16:31.922Z"}
{"level":"info","message":"message: Hello Akshat! Welcome back to HelpingO. How can I help you today? user: default-user","timestamp":"2017-04-01T15:16:31.917Z"}
{"level":"info","message":"message: Hello Akshat! Welcome back to HelpingO. How can I help you today? user: default-user","timestamp":"2017-04-01T15:16:31.925Z"}
{"level":"info","message":"message: Hello Akshat! Welcome back to HelpingO. How can I help you today? user: default-user","timestamp":"2017-04-01T15:16:31.925Z"}
{"level":"info","message":"message:  user: default-user","timestamp":"2017-04-01T15:20:22.065Z"}
{"level":"info","message":"message:  user: default-user","timestamp":"2017-04-01T15:20:22.080Z"}
{"level":"info","message":"message:  user: default-user","timestamp":"2017-04-01T15:20:51.757Z"}
{"level":"info","message":"message:  user: default-user","timestamp":"2017-04-01T15:20:51.780Z"}
{"level":"info","message":"message: Hello Akshat! Welcome back to HelpingO. How can I help you today? user: default-user","timestamp":"2017-04-01T15:20:52.132Z"}
{"level":"info","message":"message: Hi I'm HelpOt your support virtual assistant. I can help you with problems related to HelpingO. Just say Hi! to get started. user: default-user","timestamp":"2017-04-01T15:20:52.132Z"}
{"level":"info","message":"message: Hi I'm HelpOt your support virtual assistant. I can help you with problems related to HelpingO. Just say Hi! to get started. user: default-user","timestamp":"2017-04-01T15:20:52.140Z"}
{"level":"info","message":"message: Hello Akshat! Welcome back to HelpingO. How can I help you today? user: default-user","timestamp":"2017-04-01T15:20:52.144Z"}
{"level":"info","message":"message:  user: default-user","timestamp":"2017-04-01T15:21:57.823Z"}
{"level":"info","message":"message:  user: default-user","timestamp":"2017-04-01T15:21:57.838Z"}
{"level":"info","message":"message: Hi user: default-user","timestamp":"2017-04-01T15:22:00.827Z"}
{"level":"info","message":"message: Hello Akshat! Welcome back to HelpingO. How can I help you today? user: default-user","timestamp":"2017-04-01T15:22:01.191Z"}
{"level":"info","message":"message: I need help with creating profile user: default-user","timestamp":"2017-04-01T15:22:15.047Z"}
{"level":"info","message":"message: undefined user: default-user","timestamp":"2017-04-01T15:22:16.511Z"}
{"level":"info","message":"message: No, that didn't show anything user: default-user","timestamp":"2017-04-01T15:22:36.517Z"}
{"level":"info","message":"message: undefined user: default-user","timestamp":"2017-04-01T15:22:37.930Z"}
{"level":"info","message":"message: Sorry, for the inconvinience caused. I'll be sending an email to my team with your query and will get back to you ASAP user: default-user","timestamp":"2017-04-01T15:22:37.926Z"}
{"level":"info","message":"message: I have sent an email to the team user: default-user","timestamp":"2017-04-01T15:22:42.741Z"}
{"level":"info","message":"message:  user: default-user","timestamp":"2017-04-01T15:23:42.330Z"}
{"level":"info","message":"message:  user: default-user","timestamp":"2017-04-01T15:23:42.346Z"}
{"level":"info","message":"message: Hi user: default-user","timestamp":"2017-04-01T15:23:44.618Z"}
{"level":"info","message":"message: Hello Akshat! Welcome back to HelpingO. How can I help you today? user: default-user","timestamp":"2017-04-01T15:23:44.968Z"}
{"level":"info","message":"message: I'm not able to click in terms and condition user: default-user","timestamp":"2017-04-01T15:23:58.591Z"}
{"level":"info","message":"message: undefined user: default-user","timestamp":"2017-04-01T15:24:00.043Z"}
{"level":"info","message":"message: No that didn't work user: default-user","timestamp":"2017-04-01T15:24:14.259Z"}
{"level":"info","message":"message: undefined user: default-user","timestamp":"2017-04-01T15:24:15.520Z"}
{"level":"info","message":"message: Sorry, for the inconvinience caused. I'll be sending an email to my team with your query and will get back to you ASAP user: default-user","timestamp":"2017-04-01T15:24:15.516Z"}
{"level":"info","message":"message: I have sent an email to the team user: default-user","timestamp":"2017-04-01T15:24:20.175Z"}
{"level":"info","message":"message:  user: default-user","timestamp":"2017-04-01T15:25:13.740Z"}
{"level":"info","message":"message:  user: default-user","timestamp":"2017-04-01T15:25:13.772Z"}
{"level":"info","message":"message:  user: default-user","timestamp":"2017-04-01T15:25:14.202Z"}
{"level":"info","message":"message:  user: default-user","timestamp":"2017-04-01T15:25:14.210Z"}
{"level":"info","message":"message:  user: default-user","timestamp":"2017-04-01T15:25:14.294Z"}
{"level":"info","message":"message:  user: default-user","timestamp":"2017-04-01T15:25:14.290Z"}
{"level":"info","message":"message: Hi user: default-user","timestamp":"2017-04-01T15:25:16.256Z"}
{"level":"info","message":"message: Hello Akshat! Welcome back to HelpingO. How can I help you today? user: default-user","timestamp":"2017-04-01T15:25:16.596Z"}
{"level":"info","message":"message: I'm not able to click on terms and conditions user: default-user","timestamp":"2017-04-01T15:26:47.504Z"}
{"level":"info","message":"message: undefined user: default-user","timestamp":"2017-04-01T15:26:52.954Z"}
{"level":"info","message":"message:  user: default-user","timestamp":"2017-04-01T15:29:56.054Z"}
{"level":"info","message":"message:  user: default-user","timestamp":"2017-04-01T15:29:56.072Z"}
{"level":"info","message":"message:  user: default-user","timestamp":"2017-04-01T15:29:56.524Z"}
{"level":"info","message":"message:  user: default-user","timestamp":"2017-04-01T15:29:56.521Z"}
{"level":"info","message":"message: Hi user: default-user","timestamp":"2017-04-01T15:29:58.483Z"}
{"level":"info","message":"message: Hello Akshat! Welcome back to HelpingO. How can I help you today? user: default-user","timestamp":"2017-04-01T15:29:58.805Z"}
{"level":"info","message":"message: I'm not able to click terms and conditions user: default-user","timestamp":"2017-04-01T15:30:14.295Z"}
{"level":"info","message":"message: undefined user: default-user","timestamp":"2017-04-01T15:30:15.738Z"}
{"level":"info","message":"message:  user: default-user","timestamp":"2017-04-01T15:30:44.100Z"}
{"level":"info","message":"message:  user: default-user","timestamp":"2017-04-01T15:30:44.110Z"}
{"level":"info","message":"message: Hi user: default-user","timestamp":"2017-04-01T15:30:51.100Z"}
{"level":"info","message":"message: Hello Akshat! Welcome back to HelpingO. How can I help you today? user: default-user","timestamp":"2017-04-01T15:30:51.428Z"}
{"level":"info","message":"message: I'm not able to click on terms and conditions user: default-user","timestamp":"2017-04-01T15:31:10.877Z"}
{"level":"info","message":"message: undefined user: default-user","timestamp":"2017-04-01T15:31:12.018Z"}
{"level":"info","message":"message:  user: default-user","timestamp":"2017-04-01T15:33:30.453Z"}
{"level":"info","message":"message:  user: default-user","timestamp":"2017-04-01T15:33:30.467Z"}
{"level":"info","message":"message: Hi user: default-user","timestamp":"2017-04-01T15:33:32.413Z"}
{"level":"info","message":"message: Hello Akshat! Welcome back to HelpingO. How can I help you today? user: default-user","timestamp":"2017-04-01T15:33:32.772Z"}
{"level":"info","message":"message: How can I change colour? user: default-user","timestamp":"2017-04-01T15:33:40.838Z"}
{"level":"info","message":"message: undefined user: default-user","timestamp":"2017-04-01T15:33:42.797Z"}
{"level":"info","message":"message:  user: default-user","timestamp":"2017-04-01T15:37:35.727Z"}
{"level":"info","message":"message:  user: default-user","timestamp":"2017-04-01T15:37:35.757Z"}
{"level":"info","message":"message: Hi user: default-user","timestamp":"2017-04-01T15:37:37.933Z"}
{"level":"info","message":"message: Hello Akshat! Welcome back to HelpingO. How can I help you today? user: default-user","timestamp":"2017-04-01T15:37:38.297Z"}
{"level":"info","message":"message: I'm not able to click on terms and conditions user: default-user","timestamp":"2017-04-01T15:37:51.867Z"}
{"level":"info","message":"message: undefined user: default-user","timestamp":"2017-04-01T15:37:53.183Z"}
{"level":"info","message":"message:  user: default-user","timestamp":"2017-04-01T15:38:33.902Z"}
{"level":"info","message":"message:  user: default-user","timestamp":"2017-04-01T15:38:33.920Z"}
{"level":"info","message":"message: Hi user: default-user","timestamp":"2017-04-01T15:38:37.302Z"}
{"level":"info","message":"message: Hello Akshat! Welcome back to HelpingO. How can I help you today? user: default-user","timestamp":"2017-04-01T15:38:37.674Z"}
{"level":"info","message":"message: How can I check my subscription details?? user: default-user","timestamp":"2017-04-01T15:38:50.946Z"}
{"level":"info","message":"message: undefined user: default-user","timestamp":"2017-04-01T15:38:52.171Z"}
{"level":"info","message":"message: You can easily check your subscription by navigating to &quot;Search a companion&quot; page and then hovering over dollar sign will show your subscription details. user: default-user","timestamp":"2017-04-01T15:38:54.144Z"}
{"level":"info","message":"message: ok user: default-user","timestamp":"2017-04-01T15:39:03.008Z"}
{"level":"info","message":"message: Great! Good to know that I was able to help you. I'm still here if you need anythying. Just say Hi! user: default-user","timestamp":"2017-04-01T15:39:04.577Z"}
{"level":"info","message":"message:  user: default-user","timestamp":"2017-04-01T15:47:08.980Z"}
{"level":"info","message":"message:  user: default-user","timestamp":"2017-04-01T15:47:09.015Z"}
{"level":"info","message":"message: Hello Akshat! Welcome back to HelpingO. How can I help you today? user: default-user","timestamp":"2017-04-01T15:47:09.364Z"}
{"level":"info","message":"message: Hi I'm HelpOt your support virtual assistant. I can help you with problems related to HelpingO. Just say Hi! to get started. user: default-user","timestamp":"2017-04-01T15:47:09.363Z"}
{"level":"info","message":"message: Hi I'm HelpOt your support virtual assistant. I can help you with problems related to HelpingO. Just say Hi! to get started. user: default-user","timestamp":"2017-04-01T15:47:09.369Z"}
{"level":"info","message":"message: Hello Akshat! Welcome back to HelpingO. How can I help you today? user: default-user","timestamp":"2017-04-01T15:47:09.377Z"}
{"level":"info","message":"message:  user: default-user","timestamp":"2017-04-01T15:48:50.347Z"}
{"level":"info","message":"message:  user: default-user","timestamp":"2017-04-01T15:48:50.375Z"}
{"level":"info","message":"message: Hi I'm HelpOt your support virtual assistant. I can help you with problems related to HelpingO. Just say Hi! to get started. user: default-user","timestamp":"2017-04-01T15:48:50.680Z"}
{"level":"info","message":"message: Hello Akshat! Welcome back to HelpingO. How can I help you today? user: default-user","timestamp":"2017-04-01T15:48:50.681Z"}
{"level":"info","message":"message:  user: default-user","timestamp":"2017-04-01T15:49:34.869Z"}
{"level":"info","message":"message:  user: default-user","timestamp":"2017-04-01T15:49:34.896Z"}
{"level":"info","message":"message: Hi I'm HelpOt your support virtual assistant. I can help you with problems related to HelpingO. user: default-user","timestamp":"2017-04-01T15:49:35.201Z"}
{"level":"info","message":"message: Hello Akshat! Welcome back to HelpingO. How can I help you today? user: default-user","timestamp":"2017-04-01T15:49:35.201Z"}
{"level":"info","message":"message: Awesome user: default-user","timestamp":"2017-04-01T15:49:48.477Z"}
{"level":"info","message":"message: Great! Good to know that I was able to help you. I'm still here if you need anythying. Just say Hi! user: default-user","timestamp":"2017-04-01T15:49:50.025Z"}
{"level":"info","message":"message:  user: default-user","timestamp":"2017-04-01T16:05:09.038Z"}
{"level":"info","message":"message:  user: default-user","timestamp":"2017-04-01T16:05:09.067Z"}
{"level":"info","message":"message: Hello Akshat! Welcome back to HelpingO. How can I help you today? user: default-user","timestamp":"2017-04-01T16:05:09.384Z"}
{"level":"info","message":"message: Hi I'm HelpOt your support virtual assistant. I can help you with problems related to HelpingO. user: default-user","timestamp":"2017-04-01T16:05:09.383Z"}
{"level":"info","message":"message: Awesome user: default-user","timestamp":"2017-04-01T16:05:18.162Z"}
{"level":"info","message":"message: Oops. Something went wrong and we need to start over. user: default-user","timestamp":"2017-04-01T16:05:19.952Z"}
{"level":"info","message":"message:  user: default-user","timestamp":"2017-04-01T16:06:11.014Z"}
{"level":"info","message":"message:  user: default-user","timestamp":"2017-04-01T16:06:11.043Z"}
{"level":"info","message":"message: Hello Akshat! Welcome back to HelpingO. How can I help you today? user: default-user","timestamp":"2017-04-01T16:06:11.354Z"}
{"level":"info","message":"message: Hi I'm HelpOt your support virtual assistant. I can help you with problems related to HelpingO. user: default-user","timestamp":"2017-04-01T16:06:11.353Z"}
{"level":"info","message":"message: Awesome user: default-user","timestamp":"2017-04-01T16:06:15.411Z"}
{"level":"info","message":"message: But, you didn't ask me anything go ahead ask me something user: default-user","timestamp":"2017-04-01T16:06:18.769Z"}
{"level":"info","message":"message: How can I set default colour? user: default-user","timestamp":"2017-04-01T16:06:37.299Z"}
{"level":"info","message":"message: undefined user: default-user","timestamp":"2017-04-01T16:06:38.921Z"}
{"level":"info","message":"message: Please Click the 3 dot in top right corner. This will bring up a personalize panel. First color listed in personalize panel is the default color. Please click the first color block, and click on cross sign to close the panel. user: default-user","timestamp":"2017-04-01T16:06:45.230Z"}
{"level":"info","message":"message: Ok user: default-user","timestamp":"2017-04-01T16:07:31.277Z"}
{"level":"info","message":"message: Great! Good to know that I was able to help you. I'm still here if you need anythying. Just say Hi! user: default-user","timestamp":"2017-04-01T16:07:32.624Z"}
{"level":"info","message":"message:  user: default-user","timestamp":"2017-04-03T14:16:33.172Z"}
{"level":"info","message":"message:  user: default-user","timestamp":"2017-04-03T14:16:33.188Z"}
{"level":"info","message":"message: Hi I'm HelpOt your support virtual assistant. I can help you with problems related to HelpingO. user: default-user","timestamp":"2017-04-03T14:16:33.295Z"}
{"level":"info","message":"message: Hey! I'm HelpOt. What's your name? user: default-user","timestamp":"2017-04-03T14:16:33.295Z"}
{"level":"info","message":"message: Akshat user: default-user","timestamp":"2017-04-03T14:17:17.738Z"}
{"level":"info","message":"message: Hello Akshat! I'm HelpOt, Welcome to HelpingO! How can I help you today? user: default-user","timestamp":"2017-04-03T14:17:18.081Z"}
{"level":"info","message":"message: I want to revert back to default colour settings user: default-user","timestamp":"2017-04-03T14:18:05.010Z"}
{"level":"info","message":"message: undefined user: default-user","timestamp":"2017-04-03T14:18:07.798Z"}
{"level":"info","message":"message: Please Click the 3 dot in top right corner. This will bring up a personalize panel. First color listed in personalize panel is the default color. Please click the first color block, and click on cross sign to close the panel. user: default-user","timestamp":"2017-04-03T14:18:10.329Z"}
{"level":"info","message":"message: How to change color thene of the application? user: default-user","timestamp":"2017-04-03T14:18:51.690Z"}
{"level":"info","message":"message: undefined user: default-user","timestamp":"2017-04-03T14:18:52.867Z"}
{"level":"info","message":"message: In order to change the color please click on the three dots in top right corner, This will bring up a personalize panel. Please click on the color of your choice. user: default-user","timestamp":"2017-04-03T14:18:54.864Z"}
{"level":"info","message":"message: I wan to create my trip or travel itinerary so other people can see and contact me when they want a travel companion. How do I create my trip or itinerary? user: default-user","timestamp":"2017-04-03T14:19:09.256Z"}
{"level":"info","message":"message: undefined user: default-user","timestamp":"2017-04-03T14:19:10.489Z"}
{"level":"info","message":"message: You can create your trip or itinerary by clicking on &quot;Become a companion&quot; and then clicking on the &quot;Add Trip&quot; button. user: default-user","timestamp":"2017-04-03T14:19:12.195Z"}
{"level":"info","message":"message: When I enter my correct PNR, I'm seeing error message - Invalid PNR, please fill in the details. user: default-user","timestamp":"2017-04-03T14:19:24.588Z"}
{"level":"info","message":"message: undefined user: default-user","timestamp":"2017-04-03T14:19:25.637Z"}
{"level":"info","message":"message: We ask your PNR so we can automatically get your travel information and minimize data entry for you. However, In a select few cases we are unable to find the PNR. In such situation, you can always enter your travel details and create your travel itinerary. user: default-user","timestamp":"2017-04-03T14:19:27.438Z"}
{"level":"info","message":"message: I'm not able to see the trip or travel itinerary I just created. user: default-user","timestamp":"2017-04-03T14:19:39.075Z"}
{"level":"info","message":"message: undefined user: default-user","timestamp":"2017-04-03T14:19:39.972Z"}
{"level":"info","message":"message: After adding a trip, you can see your trip on the Trip Summary page. Please try refreshing your Trip Summary page by pressing ctrl+F5. If the problem persists then mail us your problem at support@helpingo.com and we will get back to you ASAP. user: default-user","timestamp":"2017-04-03T14:19:41.758Z"}
{"level":"info","message":"message: I'm not able to see additional details like whether he is a doctor or his contact details. user: default-user","timestamp":"2017-04-03T14:20:02.414Z"}
{"level":"info","message":"message: undefined user: default-user","timestamp":"2017-04-03T14:20:03.320Z"}
{"level":"info","message":"message: You can see contact details by clicking the profile. If you are still not able to see please try refreshing your page by pressing CTRL+F5, If the problem persists then mail us your problem at support@helpingo.com and we will get back to you ASAP. user: default-user","timestamp":"2017-04-03T14:20:05.513Z"}
{"level":"info","message":"message: How can I add a companion profile to my favorite list? user: default-user","timestamp":"2017-04-03T14:20:10.953Z"}
{"level":"info","message":"message: undefined user: default-user","timestamp":"2017-04-03T14:20:12.842Z"}
{"level":"info","message":"message: You can save a profile to favorites by just simply navigating to a Monthly or Weekly calendar and then clicking on the green dot, this will open the profile and you can click on the star icon to add profile to favorites. user: default-user","timestamp":"2017-04-03T14:20:14.524Z"}
{"level":"info","message":"message: How can I access my favorite profiles? user: default-user","timestamp":"2017-04-03T14:20:18.153Z"}
{"level":"info","message":"message: undefined user: default-user","timestamp":"2017-04-03T14:20:19.511Z"}
{"level":"info","message":"message: You can easily navigate to your favorite profile by just simply navigating to &quot;Search a Companion&quot; page and you will see a star icon, click on it and you will be able to see all of your saved profiles. user: default-user","timestamp":"2017-04-03T14:20:21.608Z"}
{"level":"info","message":"message: How can I remove a profile from my favorite list? user: default-user","timestamp":"2017-04-03T14:20:27.106Z"}
{"level":"info","message":"message: undefined user: default-user","timestamp":"2017-04-03T14:20:28.310Z"}
{"level":"info","message":"message: You have to first navigate to your favorite profile page, from the list of profiles choose you want to remove then simply click on the red cross button and your profile will be deleted. user: default-user","timestamp":"2017-04-03T14:20:30.000Z"}
{"level":"info","message":"message: How to check subscription details? user: default-user","timestamp":"2017-04-03T14:20:51.439Z"}
{"level":"info","message":"message: undefined user: default-user","timestamp":"2017-04-03T14:20:52.372Z"}
{"level":"info","message":"message: You can easily check your subscription by navigating to &quot;Search a companion&quot; page and then hovering over dollar sign will show your subscription details. user: default-user","timestamp":"2017-04-03T14:20:54.574Z"}
{"level":"info","message":"message: setting notifications user: default-user","timestamp":"2017-04-03T14:21:07.778Z"}
{"level":"info","message":"message: undefined user: default-user","timestamp":"2017-04-03T14:21:09.058Z"}
{"level":"info","message":"message: You can easily set notification, first you have to navigate to Monthly or Weekly calendar and then you have to set search for a companion by setting up the filters, secondly click on the blue alert icon,&#160;now you will be shown a pop up asking to allow notification from our site, please click allow and at the same time you will be shown a calendar to select dates, you can select multiple dates as well as single date, we recommend multiple dates, and there you have created a notification. user: default-user","timestamp":"2017-04-03T14:21:11.261Z"}
{"level":"info","message":"message: I am not able to add a new trip as I get a message that you can not add more than 10 trips. user: default-user","timestamp":"2017-04-03T14:21:23.763Z"}
{"level":"info","message":"message: undefined user: default-user","timestamp":"2017-04-03T14:21:25.050Z"}
{"level":"info","message":"message: Please note that to save our system from abuse, we do not allow creating more than 10 trips per companion. We think its unlikely that someone will travel more then 10 times between the US and India in a given year. However, exceptions are always there. Please forward us your travel confirmation email you received from your airline or travel booking portal to support@helpingo.com. We will create your trip for you. user: default-user","timestamp":"2017-04-03T14:21:27.244Z"}
{"level":"info","message":"message: Getting a message that I can't add more than 10 trips user: default-user","timestamp":"2017-04-03T14:21:48.420Z"}
{"level":"info","message":"message: undefined user: default-user","timestamp":"2017-04-03T14:21:49.867Z"}
{"level":"info","message":"message: Please note that to save our system from abuse, we do not allow creating more than 10 trips per companion. We think its unlikely that someone will travel more then 10 times between the US and India in a given year. However, exceptions are always there. Please forward us your travel confirmation email you received from your airline or travel booking portal to support@helpingo.com. We will create your trip for you. user: default-user","timestamp":"2017-04-03T14:21:52.230Z"}
{"level":"info","message":"message: Why I am not able to add more than 10 trips as a companion? user: default-user","timestamp":"2017-04-03T14:22:21.239Z"}
{"level":"info","message":"message: undefined user: default-user","timestamp":"2017-04-03T14:22:23.105Z"}
{"level":"info","message":"message: Please note that to save our system from abuse, we do not allow creating more than 10 trips per companion. We think its unlikely that someone will travel more then 10 times between the US and India in a given year. However, exceptions are always there. Please forward us your travel confirmation email you received from your airline or travel booking portal to support@helpingo.com. We will create your trip for you. user: default-user","timestamp":"2017-04-03T14:22:25.214Z"}
{"level":"info","message":"message: How can I delete old trips? user: default-user","timestamp":"2017-04-03T14:22:45.545Z"}
{"level":"info","message":"message: undefined user: default-user","timestamp":"2017-04-03T14:22:46.864Z"}
{"level":"info","message":"message: Please select the trip you want to delete and click on the delete icon on the right hand side, corresponding to the trip. You will be asked for a confirmation. After your confirmation the trip will be deleted from your trip summary page. user: default-user","timestamp":"2017-04-03T14:22:49.149Z"}
{"level":"info","message":"message: How can I see the details of my trip? user: default-user","timestamp":"2017-04-03T14:23:43.490Z"}
{"level":"info","message":"message: undefined user: default-user","timestamp":"2017-04-03T14:23:44.952Z"}
{"level":"info","message":"message: Please click on the drop down arrow, located on the left hand side of your trip record. This will open a drop down slider and you will be able to see the trip details you entered upon creating the trip. user: default-user","timestamp":"2017-04-03T14:23:47.010Z"}
{"level":"info","message":"message: I want to return to home user: default-user","timestamp":"2017-04-03T14:24:03.837Z"}
{"level":"info","message":"message: undefined user: default-user","timestamp":"2017-04-03T14:24:05.095Z"}
{"level":"info","message":"message: Please click on the cross sign on the top right corner of the page, and you will be taken back to the calendar view. Alternatively, you can always click on the home icon, and subsequently click on &quot;Search a companion&quot; link. user: default-user","timestamp":"2017-04-03T14:24:07.073Z"}
{"level":"info","message":"message: I want to return to the first page user: default-user","timestamp":"2017-04-03T14:24:31.509Z"}
{"level":"info","message":"message: undefined user: default-user","timestamp":"2017-04-03T14:24:32.428Z"}
{"level":"info","message":"message: Please click on the cross sign on the top right corner of the page, and you will be taken back to the calendar view. Alternatively, you can always click on the home icon, and subsequently click on &quot;Search a companion&quot; link. user: default-user","timestamp":"2017-04-03T14:24:34.756Z"}
{"level":"info","message":"message: home icon user: default-user","timestamp":"2017-04-03T14:24:50.159Z"}
{"level":"info","message":"message: What play icon does? user: default-user","timestamp":"2017-04-03T15:12:46.685Z"}
{"level":"info","message":"message: undefined user: default-user","timestamp":"2017-04-03T15:12:48.085Z"}
{"level":"info","message":"message: Clicking on the play or playback icon will bring up a video in the new tab, that explains how this page works. Please watch this intuitive video on how to use this page. user: default-user","timestamp":"2017-04-03T15:12:51.345Z"}
{"level":"info","message":"message: I want to sort trip summaries user: default-user","timestamp":"2017-04-03T15:37:51.061Z"}
{"level":"info","message":"message: undefined user: default-user","timestamp":"2017-04-03T15:37:52.639Z"}
{"level":"info","message":"message: At this point of time, we do not allow column based sorting as we only allow 10 trips per user. However, we have noted your requirement and will give it a serious thought. user: default-user","timestamp":"2017-04-03T15:37:55.555Z"}
{"level":"info","message":"message: How do I add a new trip on trip summary page? user: default-user","timestamp":"2017-04-03T15:42:27.725Z"}
{"level":"info","message":"message: undefined user: default-user","timestamp":"2017-04-03T15:42:28.859Z"}
{"level":"info","message":"message: You can create your trip or itinerary by clicking on &quot;Become a companion&quot; and then clicking on the &quot;Add Trip&quot; button. user: default-user","timestamp":"2017-04-03T15:42:31.802Z"}
{"level":"info","message":"message: Ok that seems to work, thank you user: default-user","timestamp":"2017-04-03T15:42:44.645Z"}
{"level":"info","message":"message: Great! Good to know that I was able to help you. I'm still here if you need anythying. Just say Hi! user: default-user","timestamp":"2017-04-03T15:42:46.126Z"}
{"level":"info","message":"message: Hi user: default-user","timestamp":"2017-04-03T15:42:59.673Z"}
{"level":"info","message":"message: I think I'm fried by your questions. user: default-user","timestamp":"2017-04-03T15:43:01.306Z"}
{"level":"info","message":"message: Ok user: default-user","timestamp":"2017-04-03T15:43:08.111Z"}
{"level":"info","message":"message: Bbye! user: default-user","timestamp":"2017-04-03T15:43:09.228Z"}
{"level":"info","message":"message: Hi user: default-user","timestamp":"2017-04-03T15:43:53.458Z"}
{"level":"info","message":"message: Hello Akshat! Welcome back to HelpingO. How can I help you today? user: default-user","timestamp":"2017-04-03T15:43:53.733Z"}
{"level":"info","message":"message: Can I create my profile by sending an email to support@helpingo.com? user: default-user","timestamp":"2017-04-03T15:44:41.560Z"}
{"level":"info","message":"message: undefined user: default-user","timestamp":"2017-04-03T15:44:42.626Z"}
{"level":"info","message":"message: Our sincere apology for the inconvenience.&#160; We are either in the middle of a system upgrade or our mail box is full. Please try forwarding your email again after some time or go ahead and logon to Helpingo.com, visit &quot;I am a companion&quot; section, and click on the &quot;Add Trip&quot; button to create your trip manually. user: default-user","timestamp":"2017-04-03T15:44:44.855Z"}
{"level":"info","message":"message: That didn't work, I'm stuck user: default-user","timestamp":"2017-04-03T15:46:59.961Z"}
{"level":"info","message":"message: Sorry, for the inconvinience caused. I'll be sending an email to my team with your query and will get back to you ASAP user: default-user","timestamp":"2017-04-03T15:47:01.088Z"}
{"level":"info","message":"message: What is your Email-ID user: default-user","timestamp":"2017-04-03T15:47:01.088Z"}
{"level":"info","message":"message: akshatg1274@hotmail.com user: default-user","timestamp":"2017-04-03T15:47:15.972Z"}
{"level":"info","message":"message: undefined user: default-user","timestamp":"2017-04-03T15:47:16.017Z"}
{"level":"info","message":"message: I have sent an email to the team user: default-user","timestamp":"2017-04-03T15:47:21.482Z"}
{"level":"info","message":"message: ok user: default-user","timestamp":"2017-04-03T16:36:37.359Z"}
{"level":"info","message":"message:  I'm still here if you need anythying. Just say Hi! to wake me up again user: default-user","timestamp":"2017-04-03T16:36:38.855Z"}
{"level":"info","message":"message:  user: default-user","timestamp":"2017-04-03T19:17:42.399Z"}
{"level":"info","message":"message:  user: default-user","timestamp":"2017-04-03T19:17:42.451Z"}
{"level":"info","message":"message: Hi I'm HelpOt your support virtual assistant. I can help you with problems related to HelpingO. user: default-user","timestamp":"2017-04-03T19:17:42.543Z"}
{"level":"info","message":"message: What's your name? user: default-user","timestamp":"2017-04-03T19:17:42.546Z"}
{"level":"info","message":"message: Akshat user: default-user","timestamp":"2017-04-03T19:17:51.128Z"}
{"level":"info","message":"message: Hello Akshat! I'm HelpOt, Welcome to HelpingO! How can I help you today? user: default-user","timestamp":"2017-04-03T19:17:51.438Z"}
{"level":"info","message":"message:  user: default-user","timestamp":"2017-04-03T19:17:56.854Z"}
{"level":"info","message":"message:  user: default-user","timestamp":"2017-04-03T19:17:56.873Z"}
{"level":"info","message":"message: Hi I'm HelpOt your support virtual assistant. I can help you with problems related to HelpingO. user: default-user","timestamp":"2017-04-03T19:17:57.168Z"}
{"level":"info","message":"message: Hello Akshat! Welcome back to HelpingO. How can I help you today? user: default-user","timestamp":"2017-04-03T19:17:57.176Z"}
{"level":"info","message":"message: What is asking for $ field? user: default-user","timestamp":"2017-04-03T19:18:14.649Z"}
{"level":"info","message":"message: undefined user: default-user","timestamp":"2017-04-03T19:18:18.566Z"}
{"level":"info","message":"message: You can ask people for money in lieu of your help. When people look for a travel companion, they look at your trip details. This field sets their expectations that you want some money in lieu of your help. So when they contact you money part is not a surprise to them. user: default-user","timestamp":"2017-04-03T19:18:21.018Z"}
{"level":"info","message":"message: what is $ for? user: default-user","timestamp":"2017-04-03T19:18:31.415Z"}
{"level":"info","message":"message: undefined user: default-user","timestamp":"2017-04-03T19:18:32.500Z"}
{"level":"info","message":"message: You can ask people for money in lieu of your help. When people look for a travel companion, they look at your trip details. This field sets their expectations that you want some money in lieu of your help. So when they contact you money part is not a surprise to them. user: default-user","timestamp":"2017-04-03T19:18:34.282Z"}
{"level":"info","message":"message: ok user: default-user","timestamp":"2017-04-03T19:18:40.207Z"}
{"level":"info","message":"message: Great! Good to know that I was able to help you. I'm still here if you need anythying. Just say Hi! user: default-user","timestamp":"2017-04-03T19:18:41.540Z"}
{"level":"info","message":"message:  user: default-user","timestamp":"2017-04-04T00:51:35.024Z"}
{"level":"info","message":"message:  user: default-user","timestamp":"2017-04-04T00:51:35.045Z"}
{"level":"info","message":"message: What's your name? user: default-user","timestamp":"2017-04-04T00:51:35.166Z"}
{"level":"info","message":"message: Hi I'm HelpOt your support virtual assistant. I can help you with problems related to HelpingO. user: default-user","timestamp":"2017-04-04T00:51:35.165Z"}
{"level":"info","message":"message: Akshat user: default-user","timestamp":"2017-04-04T00:51:45.736Z"}
{"level":"info","message":"message: Hello Akshat! I'm HelpOt, Welcome to HelpingO! How can I help you today? user: default-user","timestamp":"2017-04-04T00:51:46.082Z"}
{"level":"info","message":"message: I want to sort my trip summaries by departure date, source or destination city.  user: default-user","timestamp":"2017-04-04T00:51:52.921Z"}
{"level":"info","message":"message: undefined user: default-user","timestamp":"2017-04-04T00:51:54.946Z"}
{"level":"info","message":"message: At this point of time, we do not allow column based sorting as we only allow 10 trips per user. However, we have noted your requirement and will give it a serious thought. user: default-user","timestamp":"2017-04-04T00:51:57.179Z"}
{"level":"info","message":"message: Why do you ask for my confirmation number? user: default-user","timestamp":"2017-04-04T00:52:10.318Z"}
{"level":"info","message":"message: undefined user: default-user","timestamp":"2017-04-04T00:52:13.339Z"}
{"level":"info","message":"message: We want to make trip creation as easy as possible for you. Upon getting the confirmation number we try to fetch your travel details from the airline and automatically populate fields in our trip creation form. This way you can just review the information and click on Create button to easily create your trip itinerary. user: default-user","timestamp":"2017-04-04T00:52:15.009Z"}
{"level":"info","message":"message: I am traveling within India. Can I create a trip between the cities in India? user: default-user","timestamp":"2017-04-04T00:52:31.044Z"}
{"level":"info","message":"message: undefined user: default-user","timestamp":"2017-04-04T00:52:32.147Z"}
{"level":"info","message":"message: We are sorry, but at this point we only provide companion search service for international trips between the United States of America and India. We may add companion search for domestic trips soon, so please stay tuned. user: default-user","timestamp":"2017-04-04T00:52:33.835Z"}
{"level":"info","message":"message: What is the purpose of Special note section? user: default-user","timestamp":"2017-04-04T00:55:15.609Z"}
{"level":"info","message":"message: undefined user: default-user","timestamp":"2017-04-04T00:55:16.847Z"}
{"level":"info","message":"message: This is a way for you to mention your preference. If you would like to convey a message to companion seekers, you can mention here. As an example, for various cultural reasons, as a lady you do not feel comfortable offering companion help to men, you can put a note that you can only assist ladies traveling alone or an elderly couple. You can also put your itinerary details such as stop overs etc. user: default-user","timestamp":"2017-04-04T00:55:18.987Z"}
{"level":"info","message":"message: What is a quarterly view? user: default-user","timestamp":"2017-04-04T00:57:58.014Z"}
{"level":"info","message":"message: undefined user: default-user","timestamp":"2017-04-04T00:57:59.391Z"}
{"level":"info","message":"message: A quarterly view tells us about companion availability in next three months. When people search a companion for their loved ones, they want to know when companions are available in next three months. We show green dots on the date(s) when companions are available. At the point a user can click on a particular months to drill down further and find out how many companions are available on each day of the month. To see a visual explanation, please click the playback icon on quarterly view page to watch a short 2 minute intuitive video. user: default-user","timestamp":"2017-04-04T00:58:01.579Z"}
{"level":"info","message":"message: monthly view user: default-user","timestamp":"2017-04-04T00:58:13.882Z"}
{"level":"info","message":"message: I think I'm fried by your questions. user: default-user","timestamp":"2017-04-04T00:58:15.211Z"}
{"level":"info","message":"message: what is weekly view user: default-user","timestamp":"2017-04-04T00:58:39.151Z"}
{"level":"info","message":"message: Let's try something new, let's create a companion profile user: default-user","timestamp":"2017-04-04T00:58:40.480Z"}
{"level":"info","message":"message: what is a weekly view? user: default-user","timestamp":"2017-04-04T00:58:59.851Z"}
{"level":"info","message":"message: undefined user: default-user","timestamp":"2017-04-04T00:59:01.096Z"}
{"level":"info","message":"message: A weekly view tells us about companion availability in a given week. When people search a companion for their loved ones, they want to know how many companions are available in each day of a given week. In weekly view we show a number in the green dot representing how many companions are available on that date. At this point a user can click on a particular day to drill down further and view a list of available companions on that day. Please note the filters available at the bottom of weekly calendar. Using this filter users can find out companions traveling between a source and a destination city. On selecting the cities, the weekly calendar&#160; automatically updates to show the number companions traveling between a source and a destination city in each day of the week. To see a visual explanation, please click the playback icon on weekly view page to watch a short 2 minute intuitive video user: default-user","timestamp":"2017-04-04T00:59:02.971Z"}
{"level":"info","message":"message: Why do you have both monthly and weekly views? I don't see any difference in them? user: default-user","timestamp":"2017-04-04T00:59:35.508Z"}
{"level":"info","message":"message: undefined user: default-user","timestamp":"2017-04-04T00:59:36.576Z"}
{"level":"info","message":"message: Some people prefer browsing the calendar in weekly whereas some prefer monthly mode. As you probably noted - weekly view offers the same information as offered by the monthly view. You can use either of them. user: default-user","timestamp":"2017-04-04T00:59:38.528Z"}
{"level":"info","message":"message: why do we have monthly and weekly views? user: default-user","timestamp":"2017-04-04T01:00:04.945Z"}
{"level":"info","message":"message: undefined user: default-user","timestamp":"2017-04-04T01:00:06.268Z"}
{"level":"info","message":"message: Some people prefer browsing the calendar in weekly whereas some prefer monthly mode. As you probably noted - weekly view offers the same information as offered by the monthly view. You can use either of them. user: default-user","timestamp":"2017-04-04T01:00:08.400Z"}
{"level":"info","message":"message: How can I navigate from current month to next month or previous month user: default-user","timestamp":"2017-04-04T01:20:27.367Z"}
{"level":"info","message":"message: undefined user: default-user","timestamp":"2017-04-04T01:20:28.559Z"}
{"level":"info","message":"message: Please use the forward and backward arrows in the monthly calendar to switch between next and previous months. You can always return back to current month by clicking on &quot;This Month&quot; button. user: default-user","timestamp":"2017-04-04T01:20:30.484Z"}
{"level":"info","message":"message:  user: default-user","timestamp":"2017-04-04T03:23:27.868Z"}
{"level":"info","message":"message:  user: default-user","timestamp":"2017-04-04T03:23:27.884Z"}
{"level":"info","message":"message: Hi I'm HelpOt your support virtual assistant. I can help you with problems related to HelpingO. user: default-user","timestamp":"2017-04-04T03:23:28.075Z"}
{"level":"info","message":"message: What's your name? user: default-user","timestamp":"2017-04-04T03:23:28.079Z"}
{"level":"info","message":"message: Akshat user: default-user","timestamp":"2017-04-04T03:23:33.590Z"}
{"level":"info","message":"message: Hello Akshat! I'm HelpOt, Welcome to HelpingO! How can I help you today? user: default-user","timestamp":"2017-04-04T03:23:33.894Z"}
{"level":"info","message":"message: Why monthly or weekly calendar only show companion availability for next three months? user: default-user","timestamp":"2017-04-04T03:23:42.633Z"}
{"level":"info","message":"message: undefined user: default-user","timestamp":"2017-04-04T03:23:44.129Z"}
{"level":"info","message":"message: Most people when searching companions for their loved ones, start searching companions in a three month window. Beside, companions may also not be sure about their travel six months in advance. Looking at these factors, we allow users to search companions in a three month window. user: default-user","timestamp":"2017-04-04T03:23:46.794Z"}
{"level":"info","message":"message: Why monthly or weekly calendar only show companion availability for next three months user: default-user","timestamp":"2017-04-04T03:23:50.403Z"}
{"level":"info","message":"message: undefined user: default-user","timestamp":"2017-04-04T03:23:51.957Z"}
{"level":"info","message":"message: Most people when searching companions for their loved ones, start searching companions in a three month window. Beside, companions may also not be sure about their travel six months in advance. Looking at these factors, we allow users to search companions in a three month window. user: default-user","timestamp":"2017-04-04T03:23:53.753Z"}
{"level":"info","message":"message: What is the purpose of video or playback icon visible in the top header user: default-user","timestamp":"2017-04-04T03:24:23.122Z"}
{"level":"info","message":"message: undefined user: default-user","timestamp":"2017-04-04T03:24:24.541Z"}
{"level":"info","message":"message: If you want to learn how to use a page in HelpingO service, just click on the video or playback icon. A short 2 minutes video will open in a new tab that explains the working of current page. Please note that each page points to a different video. user: default-user","timestamp":"2017-04-04T03:24:27.040Z"}
{"level":"info","message":"message: purpose of video or playback icon user: default-user","timestamp":"2017-04-04T03:24:48.070Z"}
{"level":"info","message":"message: undefined user: default-user","timestamp":"2017-04-04T03:24:49.617Z"}
{"level":"info","message":"message: If you want to learn how to use a page in HelpingO service, just click on the video or playback icon. A short 2 minutes video will open in a new tab that explains the working of current page. Please note that each page points to a different video. user: default-user","timestamp":"2017-04-04T03:24:51.808Z"}
{"level":"info","message":"message: purpose of chat icon user: default-user","timestamp":"2017-04-04T03:25:02.890Z"}
{"level":"info","message":"message: purpose of chat icon user: default-user","timestamp":"2017-04-04T03:25:35.616Z"}
{"level":"info","message":"message: Let's try something new, let's create a companion profile user: default-user","timestamp":"2017-04-04T03:25:38.410Z"}
{"level":"info","message":"message: purpose of chat icon user: default-user","timestamp":"2017-04-04T03:36:01.427Z"}
{"level":"info","message":"message: purpose of chat icon user: default-user","timestamp":"2017-04-04T03:36:21.676Z"}
{"level":"info","message":"message: hello user: default-user","timestamp":"2017-04-04T03:36:34.920Z"}
{"level":"info","message":"message: Let's try something new, let's create a companion profile user: default-user","timestamp":"2017-04-04T03:36:36.225Z"}
{"level":"info","message":"message: How do I find out when my subscription to premium features expire. user: default-user","timestamp":"2017-04-04T03:37:19.204Z"}
{"level":"info","message":"message: undefined user: default-user","timestamp":"2017-04-04T03:37:20.510Z"}
{"level":"info","message":"message: Please hover your mouse over the white dollar sign and you will be able to see a message that tells you till when your subscription is valid. user: default-user","timestamp":"2017-04-04T03:37:23.771Z"}
{"level":"info","message":"message: Can I renew my subscription? user: default-user","timestamp":"2017-04-04T03:37:35.807Z"}
{"level":"info","message":"message: undefined user: default-user","timestamp":"2017-04-04T03:37:37.221Z"}
{"level":"info","message":"message: Once your subscription expires, the white dollar sign will turn red in color. At this time you can click on the dollar sign again to re-subscribe to our premium services. user: default-user","timestamp":"2017-04-04T03:37:39.198Z"}
{"level":"info","message":"message: renewing my suscription user: default-user","timestamp":"2017-04-04T03:37:49.248Z"}
{"level":"info","message":"message: Let's just talk about HelpingO user: default-user","timestamp":"2017-04-04T03:37:50.773Z"}
{"level":"info","message":"message: how to renew my subscription? user: default-user","timestamp":"2017-04-04T03:38:10.583Z"}
{"level":"info","message":"message: undefined user: default-user","timestamp":"2017-04-04T03:38:11.808Z"}
{"level":"info","message":"message: Once your subscription expires, the white dollar sign will turn red in color. At this time you can click on the dollar sign again to re-subscribe to our premium services. user: default-user","timestamp":"2017-04-04T03:38:13.916Z"}
{"level":"info","message":"message: how is my credit card information handled? user: default-user","timestamp":"2017-04-04T03:38:54.630Z"}
{"level":"info","message":"message: undefined user: default-user","timestamp":"2017-04-04T03:38:55.889Z"}
{"level":"info","message":"message: For your security we do not keep or store your Credit Card Information \r\nafter your purchase transaction is completed. We only use your Credit \r\nCard Information as necessary to complete your purchase transactions. user: default-user","timestamp":"2017-04-04T03:38:58.041Z"}
{"level":"info","message":"message: handling credit card information user: default-user","timestamp":"2017-04-04T03:39:17.722Z"}
{"level":"info","message":"message: Let's just talk about HelpingO user: default-user","timestamp":"2017-04-04T03:39:19.336Z"}
{"level":"info","message":"message:  user: default-user","timestamp":"2017-04-05T01:07:56.642Z"}
{"level":"info","message":"message:  user: default-user","timestamp":"2017-04-05T01:07:56.712Z"}
{"level":"info","message":"message: Hi I'm HelpOt your support virtual assistant. I can help you with problems related to HelpingO. user: default-user","timestamp":"2017-04-05T01:07:56.795Z"}
{"level":"info","message":"message: What's your name? user: default-user","timestamp":"2017-04-05T01:07:56.798Z"}
{"level":"info","message":"message: Akshat user: default-user","timestamp":"2017-04-05T01:08:01.277Z"}
{"level":"info","message":"message: Hello Akshat! I'm HelpOt, Welcome to HelpingO! How can I help you today? user: default-user","timestamp":"2017-04-05T01:08:01.620Z"}
{"level":"info","message":"message: How much money I should ask for in lieu of my help as a travel companion? user: default-user","timestamp":"2017-04-05T01:08:07.430Z"}
{"level":"info","message":"message: undefined user: default-user","timestamp":"2017-04-05T01:08:09.146Z"}
{"level":"info","message":"message: It all depends on you. If you want to be a good Samaritan, you can mention $0. However, you may get contacted by almost everyone who is looking for companion help. At the same time if you ask for $500, chances are that no one may contact you. We think that an amount between $50 to $200 each way is reasonable money to expect in lieu of your help. If there are other companions available on your departure date, please keep it on the lower side, but if there are none, you can ask for more money. Its a demand and supply situation after all.&#160; Please note that these are just tips as we do not recommend how much charge a person in lieu of your help. user: default-user","timestamp":"2017-04-05T01:08:12.120Z"}
{"level":"info","message":"message: I can see number of stop overs, but how do I mention the stop over cities in my trip? user: default-user","timestamp":"2017-04-05T01:08:26.279Z"}
{"level":"info","message":"message: undefined user: default-user","timestamp":"2017-04-05T01:08:27.453Z"}
{"level":"info","message":"message: Please use Special Notes field to mention your stop over cities with flight number and date. We suggest this format - DEN FRA LH481 June 21 FRA DEL LH 762 June 22 user: default-user","timestamp":"2017-04-05T01:08:29.506Z"}
{"level":"info","message":"message: I am not able to write special characters in the special note field. user: default-user","timestamp":"2017-04-05T01:08:45.559Z"}
{"level":"info","message":"message: undefined user: default-user","timestamp":"2017-04-05T01:08:46.793Z"}
{"level":"info","message":"message: To save our system from malicious users, we have put this restriction in place. With this you can not write special characters in this field. We are sorry for the inconvenience this may cause. user: default-user","timestamp":"2017-04-05T01:08:49.609Z"}
{"level":"info","message":"message: I am not able to edit or change the fields inside the air ticket. user: default-user","timestamp":"2017-04-05T01:08:58.286Z"}
{"level":"info","message":"message: undefined user: default-user","timestamp":"2017-04-05T01:08:59.444Z"}
{"level":"info","message":"message: The air ticket we show on create trip page is just to simulate an air ticket. As you enter information the air ticket fields get filled automatically. This air ticket is just for illustration so you can visualize your overall trip details. user: default-user","timestamp":"2017-04-05T01:09:02.762Z"}
{"level":"info","message":"message: What is a monthly view? user: default-user","timestamp":"2017-04-05T01:09:07.218Z"}
{"level":"info","message":"message: undefined user: default-user","timestamp":"2017-04-05T01:09:08.375Z"}
{"level":"info","message":"message: A monthly view tells us about companion availability in a given month. When people search a companion for their loved ones, they want to know how many companions are available in each day of a given month. In monthly view we show a number in the green dot representing how many companions are available on that date. At this point a user can click on a particular day to drill down further and view a list of available companions on that day. Please note the filters available at the bottom of monthly calendar. Using this filter users can find out companions traveling between a source and a destination city. On selecting the cities, the monthly calendar automatically updates to show the number companions traveling between a source and a destination city in each day of the month. To see a visual explanation, please click the playback icon on monthly view page to watch a short 2 minute intuitive video user: default-user","timestamp":"2017-04-05T01:09:10.411Z"}
{"level":"info","message":"message: Why do you have both monthly and weekly views? I don't see any difference in them? user: default-user","timestamp":"2017-04-05T01:09:18.693Z"}
{"level":"info","message":"message: undefined user: default-user","timestamp":"2017-04-05T01:09:20.098Z"}
{"level":"info","message":"message: Some people prefer browsing the calendar in weekly whereas some prefer monthly mode. As you probably noted - weekly view offers the same information as offered by the monthly view. You can use either of them. user: default-user","timestamp":"2017-04-05T01:09:22.168Z"}
{"level":"info","message":"message: How can I navigate from current week to next week or previous week? user: default-user","timestamp":"2017-04-05T01:09:26.339Z"}
{"level":"info","message":"message: undefined user: default-user","timestamp":"2017-04-05T01:09:27.563Z"}
{"level":"info","message":"message: Please use the forward and backward arrows in the weekly calendar to switch between next and previous weeks. You can always return back to current week by clicking on &quot;This Week&quot; button. user: default-user","timestamp":"2017-04-05T01:09:29.551Z"}
{"level":"info","message":"message: navigating from current week to next week or previous week user: default-user","timestamp":"2017-04-05T01:09:53.949Z"}
{"level":"info","message":"message: undefined user: default-user","timestamp":"2017-04-05T01:09:54.832Z"}
{"level":"info","message":"message: Please use the forward and backward arrows in the weekly calendar to switch between next and previous weeks. You can always return back to current week by clicking on &quot;This Week&quot; button. user: default-user","timestamp":"2017-04-05T01:09:57.215Z"}
{"level":"info","message":"message: Ok, that seems to work user: default-user","timestamp":"2017-04-05T01:10:33.644Z"}
{"level":"info","message":"message: Great! Good to know that I was able to help you. I'm still here if you need anythying. Just say Hi! user: default-user","timestamp":"2017-04-05T01:10:34.886Z"}
{"level":"info","message":"message:  user: default-user","timestamp":"2017-04-05T01:47:22.506Z"}
{"level":"info","message":"message:  user: default-user","timestamp":"2017-04-05T01:47:22.522Z"}
{"level":"info","message":"message: hi user: default-user","timestamp":"2017-04-05T01:47:26.902Z"}
{"level":"info","message":"message: Hello Akshat! Welcome back to HelpingO. How can I help you today? user: default-user","timestamp":"2017-04-05T01:47:27.298Z"}
{"level":"info","message":"message:  user: default-user","timestamp":"2017-04-05T07:10:56.265Z"}
{"level":"info","message":"message:  user: default-user","timestamp":"2017-04-05T07:10:56.285Z"}
{"level":"info","message":"message: Hi user: default-user","timestamp":"2017-04-05T07:11:01.051Z"}
{"level":"info","message":"message: Hello Akshat! Welcome back to HelpingO. How can I help you today? user: default-user","timestamp":"2017-04-05T07:11:01.444Z"}
{"level":"info","message":"message:  user: default-user","timestamp":"2017-04-05T08:55:31.048Z"}
{"level":"info","message":"message:  user: default-user","timestamp":"2017-04-05T08:55:31.062Z"}
{"level":"info","message":"message: Hi user: default-user","timestamp":"2017-04-05T08:55:33.322Z"}
{"level":"info","message":"message: Hello Akshat! Welcome back to HelpingO. How can I help you today? user: default-user","timestamp":"2017-04-05T08:55:33.709Z"}
{"level":"info","message":"message:  user: default-user","timestamp":"2017-04-05T09:43:48.663Z"}
{"level":"info","message":"message:  user: default-user","timestamp":"2017-04-05T09:43:48.729Z"}
{"level":"info","message":"message: Hi I'm HelpOt your support virtual assistant. I can help you with problems related to HelpingO. user: default-user","timestamp":"2017-04-05T09:43:50.863Z"}
{"level":"info","message":"message: Hello Akshat! Welcome back to HelpingO. How can I help you today? user: default-user","timestamp":"2017-04-05T09:43:50.865Z"}
